{
  "RSpec": {
    "coverage": {
      "/Users/christoph/Documents/personal/chatroom/app/helpers/application_helper.rb": [
        1,
        null
      ],
      "/Users/christoph/Documents/personal/chatroom/app/helpers/signup_helper.rb": [
        1,
        1,
        3,
        1,
        2,
        1,
        1,
        1,
        null,
        null,
        null,
        null,
        null
      ],
      "/Users/christoph/Documents/personal/chatroom/app/controllers/user_controller.rb": [
        1,
        1,
        null,
        1,
        5,
        null,
        null,
        1,
        1,
        null,
        null,
        1,
        4,
        4,
        1,
        1,
        null,
        3,
        3,
        null,
        null,
        null,
        1,
        null,
        1,
        7,
        null,
        null,
        null
      ],
      "/Users/christoph/Documents/personal/chatroom/app/controllers/application_controller.rb": [
        1,
        null,
        null,
        1,
        1,
        null
      ],
      "/Users/christoph/Documents/personal/chatroom/app/models/room.rb": [
        1,
        1,
        1,
        null
      ],
      "/Users/christoph/Documents/personal/chatroom/app/models/user.rb": [
        1,
        1,
        1,
        1,
        null
      ]
    },
    "timestamp": 1397249328
  }
}
