{
  "RSpec": {
    "coverage": {
      "/Users/christoph/Documents/personal/chatroom/app/helpers/application_helper.rb": [
        1,
        null
      ],
      "/Users/christoph/Documents/personal/chatroom/app/helpers/room_helper.rb": [
        1,
        1,
        17,
        17,
        null,
        null
      ],
      "/Users/christoph/Documents/personal/chatroom/app/helpers/signup_helper.rb": [
        1,
        1,
        3,
        1,
        2,
        1,
        1,
        1,
        null,
        null,
        null
      ],
      "/Users/christoph/Documents/personal/chatroom/app/controllers/room_controller.rb": [
        1,
        1,
        null,
        1,
        1,
        1,
        1,
        null,
        null,
        1,
        16,
        16,
        null,
        null,
        1,
        1,
        1,
        1,
        null,
        null,
        1,
        3,
        3,
        3,
        3,
        3,
        3,
        null,
        null,
        null
      ],
      "/Users/christoph/Documents/personal/chatroom/app/controllers/application_controller.rb": [
        1,
        null,
        null,
        1,
        1,
        null
      ],
      "/Users/christoph/Documents/personal/chatroom/app/controllers/user_controller.rb": [
        1,
        1,
        null,
        1,
        24,
        null,
        null,
        1,
        20,
        20,
        null,
        null,
        1,
        16,
        16,
        13,
        13,
        null,
        3,
        3,
        null,
        null,
        null,
        1,
        6,
        4,
        4,
        4,
        null,
        0,
        0,
        null,
        null,
        2,
        2,
        2,
        null,
        null,
        null,
        1,
        null,
        1,
        19,
        null,
        null,
        null
      ],
      "/Users/christoph/Documents/personal/chatroom/app/models/room.rb": [
        1,
        1,
        1,
        1,
        1,
        1,
        null,
        null,
        1,
        2,
        2,
        null,
        null,
        1,
        2,
        2,
        null,
        null,
        1,
        17,
        null,
        null
      ],
      "/Users/christoph/Documents/personal/chatroom/app/models/user.rb": [
        1,
        1,
        1,
        1,
        1,
        null
      ],
      "/Users/christoph/Documents/personal/chatroom/app/models/message.rb": [
        1,
        1,
        null
      ]
    },
    "timestamp": 1397946641
  }
}
